int : -1
[ : -1
20 : 198
] : -1
l : 108
; : -1
l : 108
<- : -1
[ : -1
1 : 49
, : -1
-2 : 45
, : -1
+3 : 184
, : -1
4 : 52
, : -1
6 : 54
, : -1
10 : 167
, : -1
3 : 51
] : -1
; : -1
int : -1
elem : 119
; : -1
int : -1
even : 130
; : -1
int : -1
odd : 71
; : -1
forEach : -1
( : -1
elem : 119
in : -1
) : -1
{ : -1
if : -1
( : -1
elem : 119
% : -1
2 : 50
== : -1
0 : 48
) : -1
{ : -1
even : 130
+= : -1
1 : 49
; : -1
PrintOut : -1
( : -1
" : -1
Even : 18
" : -1
) : -1
; : -1
} : -1
else : -1
{ : -1
odd : 71
+= : -1
1 : 49
; : -1
PrintOut : -1
( : -1
" : -1
Odd : 119
" : -1
) : -1
; : -1
} : -1
} : -1
